mode: atomic
github.com/Sanki0/api-university/src/app/app.go:21.28,26.16 3 1
github.com/Sanki0/api-university/src/app/app.go:30.5,37.22 6 1
github.com/Sanki0/api-university/src/app/app.go:26.16,28.3 1 0
github.com/Sanki0/api-university/src/app/app.go:41.32,44.2 2 0
github.com/Sanki0/api-university/src/app/app.go:52.69,55.43 3 2
github.com/Sanki0/api-university/src/app/app.go:59.2,61.46 2 2
github.com/Sanki0/api-university/src/app/app.go:66.2,66.43 1 1
github.com/Sanki0/api-university/src/app/app.go:55.43,58.3 2 0
github.com/Sanki0/api-university/src/app/app.go:61.46,64.3 2 1
github.com/Sanki0/api-university/src/app/app.go:69.66,73.46 3 1
github.com/Sanki0/api-university/src/app/app.go:83.5,83.41 1 1
github.com/Sanki0/api-university/src/app/app.go:73.46,74.20 1 0
github.com/Sanki0/api-university/src/app/app.go:80.9,80.15 1 0
github.com/Sanki0/api-university/src/app/app.go:75.28,76.74 1 0
github.com/Sanki0/api-university/src/app/app.go:77.17,78.77 1 0
github.com/Sanki0/api-university/src/app/app.go:86.67,89.19 2 2
github.com/Sanki0/api-university/src/app/app.go:94.5,94.48 1 1
github.com/Sanki0/api-university/src/app/app.go:89.19,92.6 2 1
github.com/Sanki0/api-university/src/app/app.go:99.69,102.43 3 1
github.com/Sanki0/api-university/src/app/app.go:106.2,109.20 3 1
github.com/Sanki0/api-university/src/app/app.go:114.5,114.41 1 1
github.com/Sanki0/api-university/src/app/app.go:102.43,105.3 2 0
github.com/Sanki0/api-university/src/app/app.go:109.20,112.6 2 0
github.com/Sanki0/api-university/src/app/app.go:117.69,122.49 4 1
github.com/Sanki0/api-university/src/app/app.go:127.5,127.78 1 1
github.com/Sanki0/api-university/src/app/app.go:122.49,125.6 2 0
github.com/Sanki0/api-university/src/app/app.go:130.34,136.2 5 1
github.com/Sanki0/api-university/src/app/app.go:140.72,142.2 1 2
github.com/Sanki0/api-university/src/app/app.go:144.76,151.2 4 7
