mode: atomic
github.com/Sanki0/api-university/src/app/app.go:18.28,23.16 3 1
github.com/Sanki0/api-university/src/app/app.go:27.5,34.22 6 1
github.com/Sanki0/api-university/src/app/app.go:23.16,25.3 1 0
github.com/Sanki0/api-university/src/app/app.go:38.32,41.2 2 0
github.com/Sanki0/api-university/src/app/app.go:43.34,62.2 15 1
github.com/Sanki0/api-university/src/app/courseHandler.go:15.68,18.43 3 2
github.com/Sanki0/api-university/src/app/courseHandler.go:22.2,24.45 2 2
github.com/Sanki0/api-university/src/app/courseHandler.go:29.2,29.49 1 1
github.com/Sanki0/api-university/src/app/courseHandler.go:18.43,21.3 2 0
github.com/Sanki0/api-university/src/app/courseHandler.go:24.45,27.3 2 1
github.com/Sanki0/api-university/src/app/courseHandler.go:32.65,36.45 3 1
github.com/Sanki0/api-university/src/app/courseHandler.go:46.5,46.47 1 1
github.com/Sanki0/api-university/src/app/courseHandler.go:36.45,37.20 1 0
github.com/Sanki0/api-university/src/app/courseHandler.go:43.9,43.15 1 0
github.com/Sanki0/api-university/src/app/courseHandler.go:38.28,39.79 1 0
github.com/Sanki0/api-university/src/app/courseHandler.go:40.17,41.83 1 0
github.com/Sanki0/api-university/src/app/courseHandler.go:49.66,52.19 2 2
github.com/Sanki0/api-university/src/app/courseHandler.go:57.5,57.53 1 1
github.com/Sanki0/api-university/src/app/courseHandler.go:52.19,55.6 2 1
github.com/Sanki0/api-university/src/app/courseHandler.go:62.68,65.43 3 1
github.com/Sanki0/api-university/src/app/courseHandler.go:69.2,72.20 3 1
github.com/Sanki0/api-university/src/app/courseHandler.go:77.5,77.47 1 1
github.com/Sanki0/api-university/src/app/courseHandler.go:65.43,68.3 2 0
github.com/Sanki0/api-university/src/app/courseHandler.go:72.20,75.6 2 0
github.com/Sanki0/api-university/src/app/courseHandler.go:80.68,85.48 4 1
github.com/Sanki0/api-university/src/app/courseHandler.go:90.5,90.84 1 1
github.com/Sanki0/api-university/src/app/courseHandler.go:85.48,88.6 2 0
github.com/Sanki0/api-university/src/app/recordHandler.go:15.68,18.43 3 2
github.com/Sanki0/api-university/src/app/recordHandler.go:22.2,24.45 2 2
github.com/Sanki0/api-university/src/app/recordHandler.go:29.2,29.49 1 1
github.com/Sanki0/api-university/src/app/recordHandler.go:18.43,21.3 2 0
github.com/Sanki0/api-university/src/app/recordHandler.go:24.45,27.3 2 1
github.com/Sanki0/api-university/src/app/recordHandler.go:32.65,38.45 4 1
github.com/Sanki0/api-university/src/app/recordHandler.go:48.5,48.47 1 1
github.com/Sanki0/api-university/src/app/recordHandler.go:38.45,39.20 1 0
github.com/Sanki0/api-university/src/app/recordHandler.go:45.9,45.15 1 0
github.com/Sanki0/api-university/src/app/recordHandler.go:40.28,41.79 1 0
github.com/Sanki0/api-university/src/app/recordHandler.go:42.17,43.83 1 0
github.com/Sanki0/api-university/src/app/recordHandler.go:51.66,54.19 2 2
github.com/Sanki0/api-university/src/app/recordHandler.go:59.5,59.53 1 1
github.com/Sanki0/api-university/src/app/recordHandler.go:54.19,57.6 2 1
github.com/Sanki0/api-university/src/app/recordHandler.go:64.68,67.43 3 1
github.com/Sanki0/api-university/src/app/recordHandler.go:71.2,74.20 3 1
github.com/Sanki0/api-university/src/app/recordHandler.go:79.5,79.47 1 1
github.com/Sanki0/api-university/src/app/recordHandler.go:67.43,70.3 2 0
github.com/Sanki0/api-university/src/app/recordHandler.go:74.20,77.6 2 0
github.com/Sanki0/api-university/src/app/recordHandler.go:82.68,87.48 4 1
github.com/Sanki0/api-university/src/app/recordHandler.go:92.5,92.84 1 1
github.com/Sanki0/api-university/src/app/recordHandler.go:87.48,90.6 2 0
github.com/Sanki0/api-university/src/app/studentHandler.go:15.69,18.43 3 2
github.com/Sanki0/api-university/src/app/studentHandler.go:22.2,24.46 2 2
github.com/Sanki0/api-university/src/app/studentHandler.go:29.2,29.49 1 1
github.com/Sanki0/api-university/src/app/studentHandler.go:18.43,21.3 2 0
github.com/Sanki0/api-university/src/app/studentHandler.go:24.46,27.3 2 1
github.com/Sanki0/api-university/src/app/studentHandler.go:32.66,36.46 3 1
github.com/Sanki0/api-university/src/app/studentHandler.go:46.5,46.47 1 1
github.com/Sanki0/api-university/src/app/studentHandler.go:36.46,37.20 1 0
github.com/Sanki0/api-university/src/app/studentHandler.go:43.9,43.15 1 0
github.com/Sanki0/api-university/src/app/studentHandler.go:38.28,39.80 1 0
github.com/Sanki0/api-university/src/app/studentHandler.go:40.17,41.83 1 0
github.com/Sanki0/api-university/src/app/studentHandler.go:49.67,52.19 2 2
github.com/Sanki0/api-university/src/app/studentHandler.go:57.5,57.54 1 1
github.com/Sanki0/api-university/src/app/studentHandler.go:52.19,55.6 2 1
github.com/Sanki0/api-university/src/app/studentHandler.go:62.69,65.43 3 1
github.com/Sanki0/api-university/src/app/studentHandler.go:69.2,72.20 3 1
github.com/Sanki0/api-university/src/app/studentHandler.go:77.5,77.47 1 1
github.com/Sanki0/api-university/src/app/studentHandler.go:65.43,68.3 2 0
github.com/Sanki0/api-university/src/app/studentHandler.go:72.20,75.6 2 0
github.com/Sanki0/api-university/src/app/studentHandler.go:80.69,85.49 3 1
github.com/Sanki0/api-university/src/app/studentHandler.go:90.5,90.84 1 1
github.com/Sanki0/api-university/src/app/studentHandler.go:85.49,88.6 2 0
